<?xml version="1.0" encoding="utf-8"?>
<TestRun id="7e930aab-b192-41a1-9aac-7e4741ebe7e7" name="leepr@EMBERDESK 2022-12-29 15:02:12" runUser="EMBERDESK\leepr" xmlns="http://microsoft.com/schemas/VisualStudio/TeamTest/2010">
  <Times creation="2022-12-29T15:02:12.8428869+00:00" queuing="2022-12-29T15:02:12.8428871+00:00" start="2022-12-29T15:02:11.7241385+00:00" finish="2022-12-29T15:02:12.8432603+00:00" />
  <TestSettings name="default" id="c64b3f4e-d098-423a-a6ce-b2f99c140577">
    <Deployment runDeploymentRoot="leepr_EMBERDESK_2022-12-29_15_02_12" />
  </TestSettings>
  <TestLists>
    <TestList name="Results Not in a List" id="8c84fa94-04c1-424b-9868-57a2d4851a1d" />
    <TestList name="All Loaded Results" id="19431567-8539-422a-85d7-44ee4e166bda" />
  </TestLists>
  <ResultSummary outcome="Completed">
    <Counters total="0" executed="0" passed="0" failed="0" error="0" timeout="0" aborted="0" inconclusive="0" passedButRunAborted="0" notRunnable="0" notExecuted="0" disconnected="0" warning="0" completed="0" inProgress="0" pending="0" />
    <Output>
      <StdOut>[xUnit.net 00:00:00.00] xUnit.net VSTest Adapter v2.4.3+1b45f5407b (64-bit .NET 6.0.10)&#xD;
[xUnit.net 00:00:00.47]   Discovering: Strem.Plugins.Analytics.UnitTests&#xD;
[xUnit.net 00:00:00.48]   Discovered:  Strem.Plugins.Analytics.UnitTests&#xD;
</StdOut>
    </Output>
    <RunInfos>
      <RunInfo computerName="EMBERDESK" outcome="Warning" timestamp="2022-12-29T15:02:12.7326476+00:00">
        <Text>No test is available in E:\Code\open-source\Strem.Plugins.Analytics\src\Strem.Plugins.Analytics.UnitTests\bin\Debug\net6.0\Strem.Plugins.Analytics.UnitTests.dll. Make sure that test discoverer &amp; executors are registered and platform &amp; framework version settings are appropriate and try again.</Text>
      </RunInfo>
    </RunInfos>
  </ResultSummary>
</TestRun>