<?xml version="1.0" encoding="utf-8"?>
<TestRun id="2d9e4109-e804-4910-bba8-bc86b1f8a3cd" name="leepr@EMBERDESK 2022-12-21 09:55:20" runUser="EMBERDESK\leepr" xmlns="http://microsoft.com/schemas/VisualStudio/TeamTest/2010">
  <Times creation="2022-12-21T09:55:20.6232800+00:00" queuing="2022-12-21T09:55:20.6232801+00:00" start="2022-12-21T09:55:19.5135937+00:00" finish="2022-12-21T09:55:20.6236613+00:00" />
  <TestSettings name="default" id="289d369b-c028-4c10-b45e-a18307d1fa9a">
    <Deployment runDeploymentRoot="leepr_EMBERDESK_2022-12-21_09_55_20" />
  </TestSettings>
  <TestLists>
    <TestList name="Results Not in a List" id="8c84fa94-04c1-424b-9868-57a2d4851a1d" />
    <TestList name="All Loaded Results" id="19431567-8539-422a-85d7-44ee4e166bda" />
  </TestLists>
  <ResultSummary outcome="Completed">
    <Counters total="0" executed="0" passed="0" failed="0" error="0" timeout="0" aborted="0" inconclusive="0" passedButRunAborted="0" notRunnable="0" notExecuted="0" disconnected="0" warning="0" completed="0" inProgress="0" pending="0" />
    <Output>
      <StdOut>[xUnit.net 00:00:00.00] xUnit.net VSTest Adapter v2.4.3+1b45f5407b (64-bit .NET 6.0.10)&#xD;
[xUnit.net 00:00:00.48]   Discovering: Strem.Plugins.Analytics.UnitTests&#xD;
[xUnit.net 00:00:00.48]   Discovered:  Strem.Plugins.Analytics.UnitTests&#xD;
</StdOut>
    </Output>
    <RunInfos>
      <RunInfo computerName="EMBERDESK" outcome="Warning" timestamp="2022-12-21T09:55:20.5108004+00:00">
        <Text>No test is available in E:\Code\open-source\Strem.Plugins.Analytics\src\Strem.Plugins.Analytics.UnitTests\bin\Debug\net6.0\Strem.Plugins.Analytics.UnitTests.dll. Make sure that test discoverer &amp; executors are registered and platform &amp; framework version settings are appropriate and try again.</Text>
      </RunInfo>
    </RunInfos>
  </ResultSummary>
</TestRun>